INFO - 07/18/23 17:16:42 - 0:00:00 - ============ Initialized logger ============
INFO - 07/18/23 17:16:42 - 0:00:00 - arch: resnet50
                                     base_lr: 0.6
                                     batch_size: 32
                                     checkpoint_freq: 25
                                     crops_for_assign: [0, 1]
                                     data_path: ImageNet
                                     dist_url: env://
                                     dump_checkpoints: ./checkpoints
                                     dump_path: .
                                     epoch_queue_starts: 15
                                     epochs: 400
                                     epsilon: 0.05
                                     feat_dim: 128
                                     final_lr: 0.0006
                                     freeze_prototypes_niters: 5005
                                     gpu_to_work_on: 0
                                     hidden_mlp: 2048
                                     is_slurm_job: True
                                     local_rank: 6
                                     max_scale_crops: [1.0, 0.14]
                                     min_scale_crops: [0.14, 0.05]
                                     nmb_crops: [2, 6]
                                     nmb_prototypes: 3000
                                     queue_length: 3840
                                     rank: 0
                                     seed: 31
                                     sinkhorn_iterations: 3
                                     size_crops: [224, 96]
                                     start_warmup: 0
                                     sync_bn: pytorch
                                     syncbn_process_group_size: 8
                                     temperature: 0.1
                                     use_fp16: True
                                     warmup_epochs: 0
                                     wd: 1e-06
                                     workers: 10
                                     world_size: 1
INFO - 07/18/23 17:16:42 - 0:00:00 - The experiment will be stored in .
                                     

INFO - 07/18/23 17:16:46 - 0:00:05 - Building data done with 1431167 images loaded.
INFO - 07/18/23 17:16:48 - 0:00:07 - ResNet(
                                       (padding): ConstantPad2d(padding=(1, 1, 1, 1), value=0.0)
                                       (conv1): Conv2d(3, 64, kernel_size=(7, 7), stride=(2, 2), padding=(2, 2), bias=False)
                                       (bn1): SyncBatchNorm(64, eps=1e-05, momentum=0.1, affine=True, track_running_stats=True)
                                       (relu): ReLU(inplace=True)
                                       (maxpool): MaxPool2d(kernel_size=3, stride=2, padding=1, dilation=1, ceil_mode=False)
                                       (layer1): Sequential(
                                         (0): Bottleneck(
                                           (conv1): Conv2d(64, 64, kernel_size=(1, 1), stride=(1, 1), bias=False)
                                           (bn1): SyncBatchNorm(64, eps=1e-05, momentum=0.1, affine=True, track_running_stats=True)
                                           (conv2): Conv2d(64, 64, kernel_size=(3, 3), stride=(1, 1), padding=(1, 1), bias=False)
                                           (bn2): SyncBatchNorm(64, eps=1e-05, momentum=0.1, affine=True, track_running_stats=True)
                                           (conv3): Conv2d(64, 256, kernel_size=(1, 1), stride=(1, 1), bias=False)
                                           (bn3): SyncBatchNorm(256, eps=1e-05, momentum=0.1, affine=True, track_running_stats=True)
                                           (relu): ReLU(inplace=True)
                                           (downsample): Sequential(
                                             (0): Conv2d(64, 256, kernel_size=(1, 1), stride=(1, 1), bias=False)
                                             (1): SyncBatchNorm(256, eps=1e-05, momentum=0.1, affine=True, track_running_stats=True)
                                           )
                                         )
                                         (1): Bottleneck(
                                           (conv1): Conv2d(256, 64, kernel_size=(1, 1), stride=(1, 1), bias=False)
                                           (bn1): SyncBatchNorm(64, eps=1e-05, momentum=0.1, affine=True, track_running_stats=True)
                                           (conv2): Conv2d(64, 64, kernel_size=(3, 3), stride=(1, 1), padding=(1, 1), bias=False)
                                           (bn2): SyncBatchNorm(64, eps=1e-05, momentum=0.1, affine=True, track_running_stats=True)
                                           (conv3): Conv2d(64, 256, kernel_size=(1, 1), stride=(1, 1), bias=False)
                                           (bn3): SyncBatchNorm(256, eps=1e-05, momentum=0.1, affine=True, track_running_stats=True)
                                           (relu): ReLU(inplace=True)
                                         )
                                         (2): Bottleneck(
                                           (conv1): Conv2d(256, 64, kernel_size=(1, 1), stride=(1, 1), bias=False)
                                           (bn1): SyncBatchNorm(64, eps=1e-05, momentum=0.1, affine=True, track_running_stats=True)
                                           (conv2): Conv2d(64, 64, kernel_size=(3, 3), stride=(1, 1), padding=(1, 1), bias=False)
                                           (bn2): SyncBatchNorm(64, eps=1e-05, momentum=0.1, affine=True, track_running_stats=True)
                                           (conv3): Conv2d(64, 256, kernel_size=(1, 1), stride=(1, 1), bias=False)
                                           (bn3): SyncBatchNorm(256, eps=1e-05, momentum=0.1, affine=True, track_running_stats=True)
                                           (relu): ReLU(inplace=True)
                                         )
                                       )
                                       (layer2): Sequential(
                                         (0): Bottleneck(
                                           (conv1): Conv2d(256, 128, kernel_size=(1, 1), stride=(1, 1), bias=False)
                                           (bn1): SyncBatchNorm(128, eps=1e-05, momentum=0.1, affine=True, track_running_stats=True)
                                           (conv2): Conv2d(128, 128, kernel_size=(3, 3), stride=(2, 2), padding=(1, 1), bias=False)
                                           (bn2): SyncBatchNorm(128, eps=1e-05, momentum=0.1, affine=True, track_running_stats=True)
                                           (conv3): Conv2d(128, 512, kernel_size=(1, 1), stride=(1, 1), bias=False)
                                           (bn3): SyncBatchNorm(512, eps=1e-05, momentum=0.1, affine=True, track_running_stats=True)
                                           (relu): ReLU(inplace=True)
                                           (downsample): Sequential(
                                             (0): Conv2d(256, 512, kernel_size=(1, 1), stride=(2, 2), bias=False)
                                             (1): SyncBatchNorm(512, eps=1e-05, momentum=0.1, affine=True, track_running_stats=True)
                                           )
                                         )
                                         (1): Bottleneck(
                                           (conv1): Conv2d(512, 128, kernel_size=(1, 1), stride=(1, 1), bias=False)
                                           (bn1): SyncBatchNorm(128, eps=1e-05, momentum=0.1, affine=True, track_running_stats=True)
                                           (conv2): Conv2d(128, 128, kernel_size=(3, 3), stride=(1, 1), padding=(1, 1), bias=False)
                                           (bn2): SyncBatchNorm(128, eps=1e-05, momentum=0.1, affine=True, track_running_stats=True)
                                           (conv3): Conv2d(128, 512, kernel_size=(1, 1), stride=(1, 1), bias=False)
                                           (bn3): SyncBatchNorm(512, eps=1e-05, momentum=0.1, affine=True, track_running_stats=True)
                                           (relu): ReLU(inplace=True)
                                         )
                                         (2): Bottleneck(
                                           (conv1): Conv2d(512, 128, kernel_size=(1, 1), stride=(1, 1), bias=False)
                                           (bn1): SyncBatchNorm(128, eps=1e-05, momentum=0.1, affine=True, track_running_stats=True)
                                           (conv2): Conv2d(128, 128, kernel_size=(3, 3), stride=(1, 1), padding=(1, 1), bias=False)
                                           (bn2): SyncBatchNorm(128, eps=1e-05, momentum=0.1, affine=True, track_running_stats=True)
                                           (conv3): Conv2d(128, 512, kernel_size=(1, 1), stride=(1, 1), bias=False)
                                           (bn3): SyncBatchNorm(512, eps=1e-05, momentum=0.1, affine=True, track_running_stats=True)
                                           (relu): ReLU(inplace=True)
                                         )
                                         (3): Bottleneck(
                                           (conv1): Conv2d(512, 128, kernel_size=(1, 1), stride=(1, 1), bias=False)
                                           (bn1): SyncBatchNorm(128, eps=1e-05, momentum=0.1, affine=True, track_running_stats=True)
                                           (conv2): Conv2d(128, 128, kernel_size=(3, 3), stride=(1, 1), padding=(1, 1), bias=False)
                                           (bn2): SyncBatchNorm(128, eps=1e-05, momentum=0.1, affine=True, track_running_stats=True)
                                           (conv3): Conv2d(128, 512, kernel_size=(1, 1), stride=(1, 1), bias=False)
                                           (bn3): SyncBatchNorm(512, eps=1e-05, momentum=0.1, affine=True, track_running_stats=True)
                                           (relu): ReLU(inplace=True)
                                         )
                                       )
                                       (layer3): Sequential(
                                         (0): Bottleneck(
                                           (conv1): Conv2d(512, 256, kernel_size=(1, 1), stride=(1, 1), bias=False)
                                           (bn1): SyncBatchNorm(256, eps=1e-05, momentum=0.1, affine=True, track_running_stats=True)
                                           (conv2): Conv2d(256, 256, kernel_size=(3, 3), stride=(2, 2), padding=(1, 1), bias=False)
                                           (bn2): SyncBatchNorm(256, eps=1e-05, momentum=0.1, affine=True, track_running_stats=True)
                                           (conv3): Conv2d(256, 1024, kernel_size=(1, 1), stride=(1, 1), bias=False)
                                           (bn3): SyncBatchNorm(1024, eps=1e-05, momentum=0.1, affine=True, track_running_stats=True)
                                           (relu): ReLU(inplace=True)
                                           (downsample): Sequential(
                                             (0): Conv2d(512, 1024, kernel_size=(1, 1), stride=(2, 2), bias=False)
                                             (1): SyncBatchNorm(1024, eps=1e-05, momentum=0.1, affine=True, track_running_stats=True)
                                           )
                                         )
                                         (1): Bottleneck(
                                           (conv1): Conv2d(1024, 256, kernel_size=(1, 1), stride=(1, 1), bias=False)
                                           (bn1): SyncBatchNorm(256, eps=1e-05, momentum=0.1, affine=True, track_running_stats=True)
                                           (conv2): Conv2d(256, 256, kernel_size=(3, 3), stride=(1, 1), padding=(1, 1), bias=False)
                                           (bn2): SyncBatchNorm(256, eps=1e-05, momentum=0.1, affine=True, track_running_stats=True)
                                           (conv3): Conv2d(256, 1024, kernel_size=(1, 1), stride=(1, 1), bias=False)
                                           (bn3): SyncBatchNorm(1024, eps=1e-05, momentum=0.1, affine=True, track_running_stats=True)
                                           (relu): ReLU(inplace=True)
                                         )
                                         (2): Bottleneck(
                                           (conv1): Conv2d(1024, 256, kernel_size=(1, 1), stride=(1, 1), bias=False)
                                           (bn1): SyncBatchNorm(256, eps=1e-05, momentum=0.1, affine=True, track_running_stats=True)
                                           (conv2): Conv2d(256, 256, kernel_size=(3, 3), stride=(1, 1), padding=(1, 1), bias=False)
                                           (bn2): SyncBatchNorm(256, eps=1e-05, momentum=0.1, affine=True, track_running_stats=True)
                                           (conv3): Conv2d(256, 1024, kernel_size=(1, 1), stride=(1, 1), bias=False)
                                           (bn3): SyncBatchNorm(1024, eps=1e-05, momentum=0.1, affine=True, track_running_stats=True)
                                           (relu): ReLU(inplace=True)
                                         )
                                         (3): Bottleneck(
                                           (conv1): Conv2d(1024, 256, kernel_size=(1, 1), stride=(1, 1), bias=False)
                                           (bn1): SyncBatchNorm(256, eps=1e-05, momentum=0.1, affine=True, track_running_stats=True)
                                           (conv2): Conv2d(256, 256, kernel_size=(3, 3), stride=(1, 1), padding=(1, 1), bias=False)
                                           (bn2): SyncBatchNorm(256, eps=1e-05, momentum=0.1, affine=True, track_running_stats=True)
                                           (conv3): Conv2d(256, 1024, kernel_size=(1, 1), stride=(1, 1), bias=False)
                                           (bn3): SyncBatchNorm(1024, eps=1e-05, momentum=0.1, affine=True, track_running_stats=True)
                                           (relu): ReLU(inplace=True)
                                         )
                                         (4): Bottleneck(
                                           (conv1): Conv2d(1024, 256, kernel_size=(1, 1), stride=(1, 1), bias=False)
                                           (bn1): SyncBatchNorm(256, eps=1e-05, momentum=0.1, affine=True, track_running_stats=True)
                                           (conv2): Conv2d(256, 256, kernel_size=(3, 3), stride=(1, 1), padding=(1, 1), bias=False)
                                           (bn2): SyncBatchNorm(256, eps=1e-05, momentum=0.1, affine=True, track_running_stats=True)
                                           (conv3): Conv2d(256, 1024, kernel_size=(1, 1), stride=(1, 1), bias=False)
                                           (bn3): SyncBatchNorm(1024, eps=1e-05, momentum=0.1, affine=True, track_running_stats=True)
                                           (relu): ReLU(inplace=True)
                                         )
                                         (5): Bottleneck(
                                           (conv1): Conv2d(1024, 256, kernel_size=(1, 1), stride=(1, 1), bias=False)
                                           (bn1): SyncBatchNorm(256, eps=1e-05, momentum=0.1, affine=True, track_running_stats=True)
                                           (conv2): Conv2d(256, 256, kernel_size=(3, 3), stride=(1, 1), padding=(1, 1), bias=False)
                                           (bn2): SyncBatchNorm(256, eps=1e-05, momentum=0.1, affine=True, track_running_stats=True)
                                           (conv3): Conv2d(256, 1024, kernel_size=(1, 1), stride=(1, 1), bias=False)
                                           (bn3): SyncBatchNorm(1024, eps=1e-05, momentum=0.1, affine=True, track_running_stats=True)
                                           (relu): ReLU(inplace=True)
                                         )
                                       )
                                       (layer4): Sequential(
                                         (0): Bottleneck(
                                           (conv1): Conv2d(1024, 512, kernel_size=(1, 1), stride=(1, 1), bias=False)
                                           (bn1): SyncBatchNorm(512, eps=1e-05, momentum=0.1, affine=True, track_running_stats=True)
                                           (conv2): Conv2d(512, 512, kernel_size=(3, 3), stride=(2, 2), padding=(1, 1), bias=False)
                                           (bn2): SyncBatchNorm(512, eps=1e-05, momentum=0.1, affine=True, track_running_stats=True)
                                           (conv3): Conv2d(512, 2048, kernel_size=(1, 1), stride=(1, 1), bias=False)
                                           (bn3): SyncBatchNorm(2048, eps=1e-05, momentum=0.1, affine=True, track_running_stats=True)
                                           (relu): ReLU(inplace=True)
                                           (downsample): Sequential(
                                             (0): Conv2d(1024, 2048, kernel_size=(1, 1), stride=(2, 2), bias=False)
                                             (1): SyncBatchNorm(2048, eps=1e-05, momentum=0.1, affine=True, track_running_stats=True)
                                           )
                                         )
                                         (1): Bottleneck(
                                           (conv1): Conv2d(2048, 512, kernel_size=(1, 1), stride=(1, 1), bias=False)
                                           (bn1): SyncBatchNorm(512, eps=1e-05, momentum=0.1, affine=True, track_running_stats=True)
                                           (conv2): Conv2d(512, 512, kernel_size=(3, 3), stride=(1, 1), padding=(1, 1), bias=False)
                                           (bn2): SyncBatchNorm(512, eps=1e-05, momentum=0.1, affine=True, track_running_stats=True)
                                           (conv3): Conv2d(512, 2048, kernel_size=(1, 1), stride=(1, 1), bias=False)
                                           (bn3): SyncBatchNorm(2048, eps=1e-05, momentum=0.1, affine=True, track_running_stats=True)
                                           (relu): ReLU(inplace=True)
                                         )
                                         (2): Bottleneck(
                                           (conv1): Conv2d(2048, 512, kernel_size=(1, 1), stride=(1, 1), bias=False)
                                           (bn1): SyncBatchNorm(512, eps=1e-05, momentum=0.1, affine=True, track_running_stats=True)
                                           (conv2): Conv2d(512, 512, kernel_size=(3, 3), stride=(1, 1), padding=(1, 1), bias=False)
                                           (bn2): SyncBatchNorm(512, eps=1e-05, momentum=0.1, affine=True, track_running_stats=True)
                                           (conv3): Conv2d(512, 2048, kernel_size=(1, 1), stride=(1, 1), bias=False)
                                           (bn3): SyncBatchNorm(2048, eps=1e-05, momentum=0.1, affine=True, track_running_stats=True)
                                           (relu): ReLU(inplace=True)
                                         )
                                       )
                                       (avgpool): AdaptiveAvgPool2d(output_size=(1, 1))
                                       (projection_head): Sequential(
                                         (0): Linear(in_features=2048, out_features=2048, bias=True)
                                         (1): SyncBatchNorm(2048, eps=1e-05, momentum=0.1, affine=True, track_running_stats=True)
                                         (2): ReLU(inplace=True)
                                         (3): Linear(in_features=2048, out_features=128, bias=True)
                                       )
                                       (prototypes): Linear(in_features=128, out_features=3000, bias=False)
                                     )
INFO - 07/18/23 17:16:48 - 0:00:07 - Building model done.
INFO - 07/18/23 17:17:44 - 0:01:02 - Building optimizer done.
INFO - 07/18/23 17:17:44 - 0:01:02 - Initializing mixed precision done.
INFO - 07/18/23 17:17:44 - 0:01:03 - ============ Starting epoch 0 ... ============
INFO - 07/18/23 17:24:12 - 0:00:00 - ============ Initialized logger ============
INFO - 07/18/23 17:24:12 - 0:00:00 - arch: resnet50
                                     base_lr: 0.6
                                     batch_size: 32
                                     checkpoint_freq: 25
                                     crops_for_assign: [0, 1]
                                     data_path: ImageNet
                                     dist_url: env://
                                     dump_checkpoints: ./checkpoints
                                     dump_path: .
                                     epoch_queue_starts: 15
                                     epochs: 400
                                     epsilon: 0.05
                                     feat_dim: 128
                                     final_lr: 0.0006
                                     freeze_prototypes_niters: 5005
                                     gpu_to_work_on: 0
                                     hidden_mlp: 2048
                                     is_slurm_job: True
                                     local_rank: 2
                                     max_scale_crops: [1.0, 0.14]
                                     min_scale_crops: [0.14, 0.05]
                                     nmb_crops: [2, 6]
                                     nmb_prototypes: 3000
                                     queue_length: 3840
                                     rank: 0
                                     seed: 31
                                     sinkhorn_iterations: 3
                                     size_crops: [224, 96]
                                     start_warmup: 0
                                     sync_bn: pytorch
                                     syncbn_process_group_size: 8
                                     temperature: 0.1
                                     use_fp16: True
                                     warmup_epochs: 0
                                     wd: 1e-06
                                     workers: 10
                                     world_size: 1
INFO - 07/18/23 17:24:12 - 0:00:00 - The experiment will be stored in .
                                     

INFO - 07/18/23 17:24:16 - 0:00:05 - Building data done with 1431167 images loaded.
INFO - 07/18/23 17:24:17 - 0:00:06 - ResNet(
                                       (padding): ConstantPad2d(padding=(1, 1, 1, 1), value=0.0)
                                       (conv1): Conv2d(3, 64, kernel_size=(7, 7), stride=(2, 2), padding=(2, 2), bias=False)
                                       (bn1): SyncBatchNorm(64, eps=1e-05, momentum=0.1, affine=True, track_running_stats=True)
                                       (relu): ReLU(inplace=True)
                                       (maxpool): MaxPool2d(kernel_size=3, stride=2, padding=1, dilation=1, ceil_mode=False)
                                       (layer1): Sequential(
                                         (0): Bottleneck(
                                           (conv1): Conv2d(64, 64, kernel_size=(1, 1), stride=(1, 1), bias=False)
                                           (bn1): SyncBatchNorm(64, eps=1e-05, momentum=0.1, affine=True, track_running_stats=True)
                                           (conv2): Conv2d(64, 64, kernel_size=(3, 3), stride=(1, 1), padding=(1, 1), bias=False)
                                           (bn2): SyncBatchNorm(64, eps=1e-05, momentum=0.1, affine=True, track_running_stats=True)
                                           (conv3): Conv2d(64, 256, kernel_size=(1, 1), stride=(1, 1), bias=False)
                                           (bn3): SyncBatchNorm(256, eps=1e-05, momentum=0.1, affine=True, track_running_stats=True)
                                           (relu): ReLU(inplace=True)
                                           (downsample): Sequential(
                                             (0): Conv2d(64, 256, kernel_size=(1, 1), stride=(1, 1), bias=False)
                                             (1): SyncBatchNorm(256, eps=1e-05, momentum=0.1, affine=True, track_running_stats=True)
                                           )
                                         )
                                         (1): Bottleneck(
                                           (conv1): Conv2d(256, 64, kernel_size=(1, 1), stride=(1, 1), bias=False)
                                           (bn1): SyncBatchNorm(64, eps=1e-05, momentum=0.1, affine=True, track_running_stats=True)
                                           (conv2): Conv2d(64, 64, kernel_size=(3, 3), stride=(1, 1), padding=(1, 1), bias=False)
                                           (bn2): SyncBatchNorm(64, eps=1e-05, momentum=0.1, affine=True, track_running_stats=True)
                                           (conv3): Conv2d(64, 256, kernel_size=(1, 1), stride=(1, 1), bias=False)
                                           (bn3): SyncBatchNorm(256, eps=1e-05, momentum=0.1, affine=True, track_running_stats=True)
                                           (relu): ReLU(inplace=True)
                                         )
                                         (2): Bottleneck(
                                           (conv1): Conv2d(256, 64, kernel_size=(1, 1), stride=(1, 1), bias=False)
                                           (bn1): SyncBatchNorm(64, eps=1e-05, momentum=0.1, affine=True, track_running_stats=True)
                                           (conv2): Conv2d(64, 64, kernel_size=(3, 3), stride=(1, 1), padding=(1, 1), bias=False)
                                           (bn2): SyncBatchNorm(64, eps=1e-05, momentum=0.1, affine=True, track_running_stats=True)
                                           (conv3): Conv2d(64, 256, kernel_size=(1, 1), stride=(1, 1), bias=False)
                                           (bn3): SyncBatchNorm(256, eps=1e-05, momentum=0.1, affine=True, track_running_stats=True)
                                           (relu): ReLU(inplace=True)
                                         )
                                       )
                                       (layer2): Sequential(
                                         (0): Bottleneck(
                                           (conv1): Conv2d(256, 128, kernel_size=(1, 1), stride=(1, 1), bias=False)
                                           (bn1): SyncBatchNorm(128, eps=1e-05, momentum=0.1, affine=True, track_running_stats=True)
                                           (conv2): Conv2d(128, 128, kernel_size=(3, 3), stride=(2, 2), padding=(1, 1), bias=False)
                                           (bn2): SyncBatchNorm(128, eps=1e-05, momentum=0.1, affine=True, track_running_stats=True)
                                           (conv3): Conv2d(128, 512, kernel_size=(1, 1), stride=(1, 1), bias=False)
                                           (bn3): SyncBatchNorm(512, eps=1e-05, momentum=0.1, affine=True, track_running_stats=True)
                                           (relu): ReLU(inplace=True)
                                           (downsample): Sequential(
                                             (0): Conv2d(256, 512, kernel_size=(1, 1), stride=(2, 2), bias=False)
                                             (1): SyncBatchNorm(512, eps=1e-05, momentum=0.1, affine=True, track_running_stats=True)
                                           )
                                         )
                                         (1): Bottleneck(
                                           (conv1): Conv2d(512, 128, kernel_size=(1, 1), stride=(1, 1), bias=False)
                                           (bn1): SyncBatchNorm(128, eps=1e-05, momentum=0.1, affine=True, track_running_stats=True)
                                           (conv2): Conv2d(128, 128, kernel_size=(3, 3), stride=(1, 1), padding=(1, 1), bias=False)
                                           (bn2): SyncBatchNorm(128, eps=1e-05, momentum=0.1, affine=True, track_running_stats=True)
                                           (conv3): Conv2d(128, 512, kernel_size=(1, 1), stride=(1, 1), bias=False)
                                           (bn3): SyncBatchNorm(512, eps=1e-05, momentum=0.1, affine=True, track_running_stats=True)
                                           (relu): ReLU(inplace=True)
                                         )
                                         (2): Bottleneck(
                                           (conv1): Conv2d(512, 128, kernel_size=(1, 1), stride=(1, 1), bias=False)
                                           (bn1): SyncBatchNorm(128, eps=1e-05, momentum=0.1, affine=True, track_running_stats=True)
                                           (conv2): Conv2d(128, 128, kernel_size=(3, 3), stride=(1, 1), padding=(1, 1), bias=False)
                                           (bn2): SyncBatchNorm(128, eps=1e-05, momentum=0.1, affine=True, track_running_stats=True)
                                           (conv3): Conv2d(128, 512, kernel_size=(1, 1), stride=(1, 1), bias=False)
                                           (bn3): SyncBatchNorm(512, eps=1e-05, momentum=0.1, affine=True, track_running_stats=True)
                                           (relu): ReLU(inplace=True)
                                         )
                                         (3): Bottleneck(
                                           (conv1): Conv2d(512, 128, kernel_size=(1, 1), stride=(1, 1), bias=False)
                                           (bn1): SyncBatchNorm(128, eps=1e-05, momentum=0.1, affine=True, track_running_stats=True)
                                           (conv2): Conv2d(128, 128, kernel_size=(3, 3), stride=(1, 1), padding=(1, 1), bias=False)
                                           (bn2): SyncBatchNorm(128, eps=1e-05, momentum=0.1, affine=True, track_running_stats=True)
                                           (conv3): Conv2d(128, 512, kernel_size=(1, 1), stride=(1, 1), bias=False)
                                           (bn3): SyncBatchNorm(512, eps=1e-05, momentum=0.1, affine=True, track_running_stats=True)
                                           (relu): ReLU(inplace=True)
                                         )
                                       )
                                       (layer3): Sequential(
                                         (0): Bottleneck(
                                           (conv1): Conv2d(512, 256, kernel_size=(1, 1), stride=(1, 1), bias=False)
                                           (bn1): SyncBatchNorm(256, eps=1e-05, momentum=0.1, affine=True, track_running_stats=True)
                                           (conv2): Conv2d(256, 256, kernel_size=(3, 3), stride=(2, 2), padding=(1, 1), bias=False)
                                           (bn2): SyncBatchNorm(256, eps=1e-05, momentum=0.1, affine=True, track_running_stats=True)
                                           (conv3): Conv2d(256, 1024, kernel_size=(1, 1), stride=(1, 1), bias=False)
                                           (bn3): SyncBatchNorm(1024, eps=1e-05, momentum=0.1, affine=True, track_running_stats=True)
                                           (relu): ReLU(inplace=True)
                                           (downsample): Sequential(
                                             (0): Conv2d(512, 1024, kernel_size=(1, 1), stride=(2, 2), bias=False)
                                             (1): SyncBatchNorm(1024, eps=1e-05, momentum=0.1, affine=True, track_running_stats=True)
                                           )
                                         )
                                         (1): Bottleneck(
                                           (conv1): Conv2d(1024, 256, kernel_size=(1, 1), stride=(1, 1), bias=False)
                                           (bn1): SyncBatchNorm(256, eps=1e-05, momentum=0.1, affine=True, track_running_stats=True)
                                           (conv2): Conv2d(256, 256, kernel_size=(3, 3), stride=(1, 1), padding=(1, 1), bias=False)
                                           (bn2): SyncBatchNorm(256, eps=1e-05, momentum=0.1, affine=True, track_running_stats=True)
                                           (conv3): Conv2d(256, 1024, kernel_size=(1, 1), stride=(1, 1), bias=False)
                                           (bn3): SyncBatchNorm(1024, eps=1e-05, momentum=0.1, affine=True, track_running_stats=True)
                                           (relu): ReLU(inplace=True)
                                         )
                                         (2): Bottleneck(
                                           (conv1): Conv2d(1024, 256, kernel_size=(1, 1), stride=(1, 1), bias=False)
                                           (bn1): SyncBatchNorm(256, eps=1e-05, momentum=0.1, affine=True, track_running_stats=True)
                                           (conv2): Conv2d(256, 256, kernel_size=(3, 3), stride=(1, 1), padding=(1, 1), bias=False)
                                           (bn2): SyncBatchNorm(256, eps=1e-05, momentum=0.1, affine=True, track_running_stats=True)
                                           (conv3): Conv2d(256, 1024, kernel_size=(1, 1), stride=(1, 1), bias=False)
                                           (bn3): SyncBatchNorm(1024, eps=1e-05, momentum=0.1, affine=True, track_running_stats=True)
                                           (relu): ReLU(inplace=True)
                                         )
                                         (3): Bottleneck(
                                           (conv1): Conv2d(1024, 256, kernel_size=(1, 1), stride=(1, 1), bias=False)
                                           (bn1): SyncBatchNorm(256, eps=1e-05, momentum=0.1, affine=True, track_running_stats=True)
                                           (conv2): Conv2d(256, 256, kernel_size=(3, 3), stride=(1, 1), padding=(1, 1), bias=False)
                                           (bn2): SyncBatchNorm(256, eps=1e-05, momentum=0.1, affine=True, track_running_stats=True)
                                           (conv3): Conv2d(256, 1024, kernel_size=(1, 1), stride=(1, 1), bias=False)
                                           (bn3): SyncBatchNorm(1024, eps=1e-05, momentum=0.1, affine=True, track_running_stats=True)
                                           (relu): ReLU(inplace=True)
                                         )
                                         (4): Bottleneck(
                                           (conv1): Conv2d(1024, 256, kernel_size=(1, 1), stride=(1, 1), bias=False)
                                           (bn1): SyncBatchNorm(256, eps=1e-05, momentum=0.1, affine=True, track_running_stats=True)
                                           (conv2): Conv2d(256, 256, kernel_size=(3, 3), stride=(1, 1), padding=(1, 1), bias=False)
                                           (bn2): SyncBatchNorm(256, eps=1e-05, momentum=0.1, affine=True, track_running_stats=True)
                                           (conv3): Conv2d(256, 1024, kernel_size=(1, 1), stride=(1, 1), bias=False)
                                           (bn3): SyncBatchNorm(1024, eps=1e-05, momentum=0.1, affine=True, track_running_stats=True)
                                           (relu): ReLU(inplace=True)
                                         )
                                         (5): Bottleneck(
                                           (conv1): Conv2d(1024, 256, kernel_size=(1, 1), stride=(1, 1), bias=False)
                                           (bn1): SyncBatchNorm(256, eps=1e-05, momentum=0.1, affine=True, track_running_stats=True)
                                           (conv2): Conv2d(256, 256, kernel_size=(3, 3), stride=(1, 1), padding=(1, 1), bias=False)
                                           (bn2): SyncBatchNorm(256, eps=1e-05, momentum=0.1, affine=True, track_running_stats=True)
                                           (conv3): Conv2d(256, 1024, kernel_size=(1, 1), stride=(1, 1), bias=False)
                                           (bn3): SyncBatchNorm(1024, eps=1e-05, momentum=0.1, affine=True, track_running_stats=True)
                                           (relu): ReLU(inplace=True)
                                         )
                                       )
                                       (layer4): Sequential(
                                         (0): Bottleneck(
                                           (conv1): Conv2d(1024, 512, kernel_size=(1, 1), stride=(1, 1), bias=False)
                                           (bn1): SyncBatchNorm(512, eps=1e-05, momentum=0.1, affine=True, track_running_stats=True)
                                           (conv2): Conv2d(512, 512, kernel_size=(3, 3), stride=(2, 2), padding=(1, 1), bias=False)
                                           (bn2): SyncBatchNorm(512, eps=1e-05, momentum=0.1, affine=True, track_running_stats=True)
                                           (conv3): Conv2d(512, 2048, kernel_size=(1, 1), stride=(1, 1), bias=False)
                                           (bn3): SyncBatchNorm(2048, eps=1e-05, momentum=0.1, affine=True, track_running_stats=True)
                                           (relu): ReLU(inplace=True)
                                           (downsample): Sequential(
                                             (0): Conv2d(1024, 2048, kernel_size=(1, 1), stride=(2, 2), bias=False)
                                             (1): SyncBatchNorm(2048, eps=1e-05, momentum=0.1, affine=True, track_running_stats=True)
                                           )
                                         )
                                         (1): Bottleneck(
                                           (conv1): Conv2d(2048, 512, kernel_size=(1, 1), stride=(1, 1), bias=False)
                                           (bn1): SyncBatchNorm(512, eps=1e-05, momentum=0.1, affine=True, track_running_stats=True)
                                           (conv2): Conv2d(512, 512, kernel_size=(3, 3), stride=(1, 1), padding=(1, 1), bias=False)
                                           (bn2): SyncBatchNorm(512, eps=1e-05, momentum=0.1, affine=True, track_running_stats=True)
                                           (conv3): Conv2d(512, 2048, kernel_size=(1, 1), stride=(1, 1), bias=False)
                                           (bn3): SyncBatchNorm(2048, eps=1e-05, momentum=0.1, affine=True, track_running_stats=True)
                                           (relu): ReLU(inplace=True)
                                         )
                                         (2): Bottleneck(
                                           (conv1): Conv2d(2048, 512, kernel_size=(1, 1), stride=(1, 1), bias=False)
                                           (bn1): SyncBatchNorm(512, eps=1e-05, momentum=0.1, affine=True, track_running_stats=True)
                                           (conv2): Conv2d(512, 512, kernel_size=(3, 3), stride=(1, 1), padding=(1, 1), bias=False)
                                           (bn2): SyncBatchNorm(512, eps=1e-05, momentum=0.1, affine=True, track_running_stats=True)
                                           (conv3): Conv2d(512, 2048, kernel_size=(1, 1), stride=(1, 1), bias=False)
                                           (bn3): SyncBatchNorm(2048, eps=1e-05, momentum=0.1, affine=True, track_running_stats=True)
                                           (relu): ReLU(inplace=True)
                                         )
                                       )
                                       (avgpool): AdaptiveAvgPool2d(output_size=(1, 1))
                                       (projection_head): Sequential(
                                         (0): Linear(in_features=2048, out_features=2048, bias=True)
                                         (1): SyncBatchNorm(2048, eps=1e-05, momentum=0.1, affine=True, track_running_stats=True)
                                         (2): ReLU(inplace=True)
                                         (3): Linear(in_features=2048, out_features=128, bias=True)
                                       )
                                       (prototypes): Linear(in_features=128, out_features=3000, bias=False)
                                     )
INFO - 07/18/23 17:24:17 - 0:00:06 - Building model done.
INFO - 07/18/23 17:25:13 - 0:01:01 - Building optimizer done.
INFO - 07/18/23 17:25:13 - 0:01:01 - Initializing mixed precision done.
INFO - 07/18/23 17:25:13 - 0:01:02 - ============ Starting epoch 0 ... ============
